[egehospital.az/ege-hospital-hekimleri/uzman-dr-anar-eliyev/index.html]
[backblue.gif]
[fade.gif]
[index.html]
[egehospital.az/wp-includes/css/dist/block-library/style.min6fb3.css]
[egehospital.az/wp-includes/css/classic-themes.min68b3.css]
[egehospital.az/wp-content/plugins/contact-form-7/includes/css/stylesf2b4.css]
[egehospital.az/wp-content/plugins/mp-timetable/media/css/style8dff.css]
[egehospital.az/wp-content/plugins/wp-user-avatar/assets/css/frontend.minf11d.css]
[egehospital.az/wp-content/plugins/wp-user-avatar/assets/flatpickr/flatpickr.minf11d.css]
[egehospital.az/wp-content/plugins/wp-user-avatar/assets/select2/select2.min6fb3.css]
[egehospital.az/wp-content/themes/medicare/style6fb3.css]
[egehospital.az/wp-content/themes/medicare-child/style8a54.css]
[egehospital.az/wp-content/themes/medicare/print6fb3.css]
[egehospital.az/wp-content/themes/medicare/magnific-popup6fb3.css]
[egehospital.az/wp-content/plugins/contact-form-7/includes/js/jquery-ui/themes/smoothness/jquery-ui.min35d0.css]
[egehospital.az/wp-includes/js/jquery/jquery.mina7a0.js]
[egehospital.az/wp-includes/js/jquery/jquery-migrate.mind617.js]
[egehospital.az/wp-content/plugins/bt_cost_calculator/jquery.dd6fb3.js]
[egehospital.az/wp-content/plugins/bt_cost_calculator/cc.main6fb3.js]
[egehospital.az/wp-content/plugins/medicare/bt_elements6fb3.js]
[egehospital.az/wp-content/plugins/wp-user-avatar/assets/flatpickr/flatpickr.minf11d.js]
[egehospital.az/wp-content/plugins/wp-user-avatar/assets/select2/select2.minf11d.js]
[egehospital.az/wp-content/themes/medicare/js/slick.min6fb3.js]
[egehospital.az/wp-content/themes/medicare/js/jquery.magnific-popup.min6fb3.js]
[egehospital.az/wp-content/themes/medicare/js/fancySelect6fb3.js]
[egehospital.az/wp-content/themes/medicare/js/html5shiv.min6fb3.js]
[egehospital.az/wp-content/themes/medicare/js/respond.min6fb3.js]
[egehospital.az/wp-content/themes/medicare/js/misc6fb3.js]
[egehospital.az/wp-content/themes/medicare/js/header.misc6fb3.js]
[egehospital.az/wp-content/themes/medicare/js/dir.hover6fb3.js]
[egehospital.az/wp-content/themes/medicare/js/sliders6fb3.js]
[egehospital.az/wp-content/uploads/2021/03/cropped-ege-icon-32x32.jpg]
[egehospital.az/wp-content/uploads/2021/03/cropped-ege-icon-192x192.jpg]
[egehospital.az/wp-content/uploads/2021/03/cropped-ege-icon-180x180.jpg]
[egehospital.az/wp-content/uploads/2019/11/EGE_LOGO_3.png]
[egehospital.az/wp-content/uploads/2021/04/dr-anar-eliyev.jpg]
[egehospital.az/wp-content/uploads/2019/11/EGE_LOGO-1.png]
[egehospital.az/wp-includes/js/comment-reply.min6fb3.js]
[egehospital.az/wp-content/plugins/contact-form-7/includes/swv/js/indexf2b4.js]
[egehospital.az/wp-content/plugins/contact-form-7/includes/js/indexf2b4.js]
[egehospital.az/wp-content/plugins/wp-user-avatar/assets/js/frontend.minf11d.js]
[egehospital.az/wp-includes/js/jquery/ui/core.min3f14.js]
[egehospital.az/wp-includes/js/jquery/ui/datepicker.min3f14.js]
[egehospital.az/wp-content/plugins/contact-form-7/includes/js/html5-fallbackf2b4.js]
[www.google.com/recaptcha/api34ae.js]
[egehospital.az/wp-includes/js/dist/vendor/regenerator-runtime.min3937.js]
[egehospital.az/wp-includes/js/dist/vendor/wp-polyfill.min2c7c.js]
[egehospital.az/wp-content/plugins/contact-form-7/modules/recaptcha/indexf2b4.js]
[egehospital.az/ege-hospital-hekimleri/uzman-dr-anar-eliyev/index.html]
[www.googletagmanager.com/gtm5445.html]
[egehospital.az/wp-includes/css/dist/block-library/style.min6fb3.css]
[egehospital.az/wp-includes/css/classic-themes.min68b3.css]
[egehospital.az/wp-content/plugins/contact-form-7/includes/css/stylesf2b4.css]
[egehospital.az/wp-content/plugins/mp-timetable/media/css/style8dff.css]
[egehospital.az/wp-content/plugins/wp-user-avatar/assets/css/material-icons/MaterialIcons-Regular.woff2]
[egehospital.az/wp-content/plugins/wp-user-avatar/assets/images/frontend/arrow-down.png]
[egehospital.az/wp-content/plugins/wp-user-avatar/assets/css/frontend.minf11d.css]
[egehospital.az/wp-content/plugins/wp-user-avatar/assets/flatpickr/flatpickr.minf11d.css]
[egehospital.az/wp-content/plugins/wp-user-avatar/assets/select2/select2.min6fb3.css]
[egehospital.az/wp-content/plugins/wp-user-avatar/assets/css/material-icons/MaterialIcons-Regular.woff]
[egehospital.az/wp-content/themes/medicare/fonts/fontawesome-webfont3295.eot]
[egehospital.az/wp-content/themes/medicare/fonts/fontawesome-webfont3295.woff2]
[egehospital.az/wp-content/themes/medicare/fonts/fontawesome-webfontd41d.eot]
[egehospital.az/wp-content/themes/medicare/fonts/fontawesome-webfont3295.woff]
[egehospital.az/wp-content/themes/medicare/fonts/fontawesome-webfont3295.ttf]
[egehospital.az/wp-content/themes/medicare/fonts/fontawesome-webfont3295.svg]
[egehospital.az/wp-content/themes/medicare/fonts/btmedicala1a3.eot]
[egehospital.az/wp-content/themes/medicare/fonts/btmedicala1a3.ttf]
[egehospital.az/wp-content/themes/medicare/fonts/btmedicala1a3.woff]
[egehospital.az/wp-content/themes/medicare/fonts/btmedicala1a3.svg]
[egehospital.az/wp-content/themes/medicare/fonts/Dialogueab30.eot]
[egehospital.az/wp-content/themes/medicare/fonts/Dialogueab30.ttf]
[egehospital.az/wp-content/themes/medicare/fonts/Dialogueab30.woff]
[egehospital.az/wp-content/themes/medicare/fonts/Dialogueab30.svg]
[egehospital.az/wp-content/themes/medicare/fonts/Essential8bd9.eot]
[egehospital.az/wp-content/themes/medicare/fonts/Essential8bd9.ttf]
[egehospital.az/wp-content/themes/medicare/fonts/Essential8bd9.woff]
[egehospital.az/wp-content/themes/medicare/fonts/Essential8bd9.svg]
[egehospital.az/wp-content/themes/medicare/fonts/Glasses979f.eot]
[egehospital.az/wp-content/themes/medicare/fonts/Glasses979f.ttf]
[egehospital.az/wp-content/themes/medicare/fonts/Glasses979f.woff]
[egehospital.az/wp-content/themes/medicare/fonts/Glasses979f.svg]
[egehospital.az/wp-content/themes/medicare/fonts/Hospitalc827.eot]
[egehospital.az/wp-content/themes/medicare/fonts/Hospitalc827.ttf]
[egehospital.az/wp-content/themes/medicare/fonts/Hospitalc827.woff]
[egehospital.az/wp-content/themes/medicare/fonts/Hospitalc827.svg]
[egehospital.az/wp-content/themes/medicare/fonts/Hospital-203b9.eot]
[egehospital.az/wp-content/themes/medicare/fonts/Hospital-203b9.ttf]
[egehospital.az/wp-content/themes/medicare/fonts/Hospital-203b9.woff]
[egehospital.az/wp-content/themes/medicare/fonts/Medical9bd8.eot]
[egehospital.az/wp-content/themes/medicare/fonts/Hospital-203b9.svg]
[egehospital.az/wp-content/themes/medicare/fonts/Medical9bd8.ttf]
[egehospital.az/wp-content/themes/medicare/fonts/Medical9bd8.woff]
[egehospital.az/wp-content/themes/medicare/fonts/Medical-Set8cea.eot]
[egehospital.az/wp-content/themes/medicare/fonts/Medical9bd8.svg]
[egehospital.az/wp-content/themes/medicare/fonts/Medical-Set8cea.ttf]
[egehospital.az/wp-content/themes/medicare/fonts/Medical-Set8cea.woff]
[egehospital.az/wp-content/themes/medicare/fonts/Optometry24f1.eot]
[egehospital.az/wp-content/themes/medicare/fonts/Optometry24f1.ttf]
[egehospital.az/wp-content/themes/medicare/fonts/Medical-Set8cea.svg]
[egehospital.az/wp-content/themes/medicare/fonts/Optometry24f1.woff]
[egehospital.az/wp-content/themes/medicare/fonts/Optometry24f1.svg]
[egehospital.az/wp-content/themes/medicare/fonts/Pins-Locations6f81.eot]
[egehospital.az/wp-content/themes/medicare/fonts/Pins-Locations6f81.ttf]
[egehospital.az/wp-content/themes/medicare/fonts/Pins-Locations6f81.woff]
[egehospital.az/wp-content/themes/medicare/fonts/Pins-Locations6f81.svg]
[egehospital.az/wp-content/themes/medicare/fonts/Teamwork5505.eot]
[egehospital.az/wp-content/themes/medicare/fonts/Teamwork5505.ttf]
[egehospital.az/wp-content/themes/medicare/fonts/Teamwork5505.woff]
[egehospital.az/wp-content/themes/medicare/fonts/Teamwork5505.svg]
[egehospital.az/wp-content/themes/medicare/fonts/Technology-Collection0cdb.eot]
[egehospital.az/wp-content/themes/medicare/fonts/Technology-Collection0cdb.ttf]
[egehospital.az/wp-content/themes/medicare/fonts/Technology-Collection0cdb.woff]
[egehospital.az/wp-content/themes/medicare/fonts/Technology-Collection0cdb.svg]
[egehospital.az/wp-content/themes/medicare/fonts/Pe-icon-7-strokebb1d.eot]
[egehospital.az/wp-content/themes/medicare/fonts/Pe-icon-7-stroked41d.eot]
[egehospital.az/wp-content/themes/medicare/fonts/Pe-icon-7-strokebb1d.woff]
[egehospital.az/wp-content/themes/medicare/fonts/Pe-icon-7-strokebb1d.ttf]
[egehospital.az/wp-content/themes/medicare/fonts/Pe-icon-7-strokebb1d.svg]
[egehospital.az/wp-content/themes/medicare/gfx/nbs-angle-left.png]
[egehospital.az/wp-content/themes/medicare/gfx/nbs-angle-right.png]
[egehospital.az/wp-content/themes/medicare/gfx/demo-screen.jpg]
[egehospital.az/wp-content/plugins/woocommerce/assets/images/icons/credit-cards/visa.png]
[egehospital.az/wp-content/plugins/woocommerce/assets/images/icons/credit-cards/mastercard.png]
[egehospital.az/wp-content/plugins/woocommerce/assets/images/icons/credit-cards/laser.png]
[egehospital.az/wp-content/plugins/woocommerce/assets/images/icons/credit-cards/diners.png]
[egehospital.az/wp-content/plugins/woocommerce/assets/images/icons/credit-cards/maestro.png]
[egehospital.az/wp-content/plugins/woocommerce/assets/images/icons/credit-cards/jcb.png]
[egehospital.az/wp-content/plugins/woocommerce/assets/images/icons/credit-cards/amex.png]
[egehospital.az/wp-content/plugins/woocommerce/assets/images/icons/credit-cards/discover.png]
[egehospital.az/wp-content/themes/medicare/style6fb3.css]
[egehospital.az/wp-content/themes/medicare-child/style8a54.css]
[egehospital.az/wp-content/themes/medicare/print6fb3.css]
[egehospital.az/wp-content/themes/medicare/magnific-popup6fb3.css]
[egehospital.az/wp-content/plugins/contact-form-7/includes/js/jquery-ui/themes/smoothness/images/ui-bg_highlight-soft_75_cccccc_1x100.png]
[egehospital.az/wp-content/plugins/contact-form-7/includes/js/jquery-ui/themes/smoothness/images/ui-bg_glass_75_e6e6e6_1x400.png]
[egehospital.az/wp-content/plugins/contact-form-7/includes/js/jquery-ui/themes/smoothness/images/ui-bg_glass_75_dadada_1x400.png]
[egehospital.az/wp-content/plugins/contact-form-7/includes/js/jquery-ui/themes/smoothness/images/ui-bg_glass_65_ffffff_1x400.png]
[egehospital.az/wp-content/plugins/contact-form-7/includes/js/jquery-ui/themes/smoothness/images/ui-bg_glass_55_fbf9ee_1x400.png]
[egehospital.az/wp-content/plugins/contact-form-7/includes/js/jquery-ui/themes/smoothness/images/ui-bg_glass_95_fef1ec_1x400.png]
[egehospital.az/wp-content/plugins/contact-form-7/includes/js/jquery-ui/themes/smoothness/images/ui-icons_222222_256x240.png]
[egehospital.az/wp-content/plugins/contact-form-7/includes/js/jquery-ui/themes/smoothness/images/ui-icons_454545_256x240.png]
[egehospital.az/wp-content/plugins/contact-form-7/includes/js/jquery-ui/themes/smoothness/images/ui-icons_2e83ff_256x240.png]
[egehospital.az/wp-content/plugins/contact-form-7/includes/js/jquery-ui/themes/smoothness/images/ui-icons_cd0a0a_256x240.png]
[egehospital.az/wp-content/plugins/contact-form-7/includes/js/jquery-ui/themes/smoothness/images/ui-icons_888888_256x240.png]
[egehospital.az/wp-content/plugins/contact-form-7/includes/js/jquery-ui/themes/smoothness/jquery-ui.min35d0.css]
[egehospital.az/wp-includes/js/jquery/jquery.mina7a0.js]
[egehospital.az/wp-includes/js/jquery/jquery-migrate.mind617.js]
[egehospital.az/wp-content/plugins/bt_cost_calculator/jquery.dd6fb3.js]
[egehospital.az/wp-content/plugins/bt_cost_calculator/cc.main6fb3.js]
[egehospital.az/wp-content/plugins/medicare/bt_elements6fb3.js]
[egehospital.az/wp-content/plugins/wp-user-avatar/assets/flatpickr/flatpickr.minf11d.js]
[egehospital.az/wp-content/plugins/wp-user-avatar/assets/select2/select2.minf11d.js]
[egehospital.az/wp-content/themes/medicare/js/slick.min6fb3.js]
[egehospital.az/wp-content/themes/medicare/js/jquery.magnific-popup.min6fb3.js]
[egehospital.az/wp-content/themes/medicare/js/fancySelect6fb3.js]
[egehospital.az/wp-content/themes/medicare/js/html5shiv.min6fb3.js]
[egehospital.az/wp-content/themes/medicare/js/respond.min6fb3.js]
[egehospital.az/wp-content/themes/medicare/js/misc6fb3.js]
[egehospital.az/wp-content/themes/medicare/js/header.misc6fb3.js]
[egehospital.az/wp-content/themes/medicare/js/dir.hover6fb3.js]
[egehospital.az/wp-content/themes/medicare/js/sliders6fb3.js]
[egehospital.az/wp-includes/js/comment-reply.min6fb3.js]
[egehospital.az/ege-hospital-hekimleri/uzman-dr-anar-eliyev/t]
[egehospital.az/wp-content/plugins/contact-form-7/includes/swv/js/indexf2b4.js]
[egehospital.az/wp-content/plugins/contact-form-7/includes/js/indexf2b4.js]
[egehospital.az/wp-content/plugins/wp-user-avatar/assets/js/frontend.minf11d.js]
[egehospital.az/wp-includes/js/jquery/ui/core.min3f14.js]
[egehospital.az/wp-includes/js/jquery/ui/datepicker.min3f14.js]
[egehospital.az/wp-content/plugins/contact-form-7/includes/js/html5-fallbackf2b4.js]
[egehospital.az/wp-includes/js/dist/vendor/regenerator-runtime.min3937.js]
[egehospital.az/wp-includes/js/dist/vendor/wp-polyfill.min2c7c.js]
[egehospital.az/wp-content/plugins/contact-form-7/modules/recaptcha/indexf2b4.js]
[egehospital.az/wp-content/themes/medicare/fonts/fontawesome-webfont3295.svg]
[egehospital.az/wp-content/themes/medicare/fonts/btmedicala1a3.svg]
[egehospital.az/wp-content/themes/medicare/fonts/Dialogueab30.svg]
[egehospital.az/wp-content/themes/medicare/fonts/Essential8bd9.html]
[egehospital.az/wp-content/themes/medicare/fonts/Glasses979f.svg]
[egehospital.az/wp-content/themes/medicare/fonts/Hospitalc827.svg]
[egehospital.az/wp-content/themes/medicare/fonts/Hospital-203b9.svg]
[egehospital.az/wp-content/themes/medicare/fonts/Medical9bd8.svg]
[egehospital.az/wp-content/themes/medicare/fonts/Medical-Set8cea.svg]
[egehospital.az/wp-content/themes/medicare/fonts/Optometry24f1.svg]
[egehospital.az/wp-content/themes/medicare/fonts/Pins-Locations6f81.svg]
[egehospital.az/wp-content/themes/medicare/fonts/Teamwork5505.svg]
[egehospital.az/wp-content/themes/medicare/fonts/Technology-Collection0cdb.svg]
[egehospital.az/wp-content/themes/medicare/fonts/Pe-icon-7-strokebb1d.svg]
[egehospital.az/wp-content/themes/medicare/gfx/demo-screen.html]
[egehospital.az/wp-content/plugins/woocommerce/assets/images/icons/credit-cards/visa.html]
[egehospital.az/wp-content/plugins/woocommerce/assets/images/icons/credit-cards/mastercard.html]
[egehospital.az/wp-content/plugins/woocommerce/assets/images/icons/credit-cards/laser.html]
[egehospital.az/wp-content/plugins/woocommerce/assets/images/icons/credit-cards/diners.html]
[egehospital.az/wp-content/plugins/woocommerce/assets/images/icons/credit-cards/maestro.html]
[egehospital.az/wp-content/plugins/woocommerce/assets/images/icons/credit-cards/jcb.html]
[egehospital.az/wp-content/plugins/woocommerce/assets/images/icons/credit-cards/amex.html]
[egehospital.az/wp-content/plugins/woocommerce/assets/images/icons/credit-cards/discover.html]
[egehospital.az/ege-hospital-hekimleri/uzman-dr-anar-eliyev/t.html]
